2021-08-19T08:17:29+00:00 CRITICAL syntax error, unexpected 'else' (T_ELSE), expecting end of file in D:\wamp64\www\test\wp-content\themes\punte\functions\header-functions.php on line 5

2021-08-19T08:18:37+00:00 CRITICAL syntax error, unexpected 'else' (T_ELSE), expecting end of file in D:\wamp64\www\test\wp-content\themes\punte\functions\header-functions.php on line 5

2021-08-19T08:18:49+00:00 CRITICAL syntax error, unexpected end of file in D:\wamp64\www\test\wp-content\themes\punte\functions\footer-functions.php on line 31

2021-08-19T09:15:48+00:00 CRITICAL syntax error, unexpected '$creds' (T_VARIABLE) in D:\wamp64\www\test\wp-content\themes\punte\functions.php on line 378

2021-08-19T09:15:57+00:00 CRITICAL syntax error, unexpected '$creds' (T_VARIABLE) in D:\wamp64\www\test\wp-content\themes\punte\functions.php on line 378

2021-08-19T09:35:24+00:00 CRITICAL Uncaught Error: Cannot use object of type stdClass as array in D:\wamp64\www\test\wp-content\themes\punte\functions.php:431
Stack trace:
#0 D:\wamp64\www\test\wp-settings.php(546): include()
#1 D:\wamp64\www\test\wp-config.php(97): require_once('D:\\wamp64\\www\\t...')
#2 D:\wamp64\www\test\wp-load.php(50): require_once('D:\\wamp64\\www\\t...')
#3 D:\wamp64\www\test\wp-blog-header.php(13): require_once('D:\\wamp64\\www\\t...')
#4 D:\wamp64\www\test\index.php(17): require('D:\\wamp64\\www\\t...')
#5 {main}
  thrown in D:\wamp64\www\test\wp-content\themes\punte\functions.php on line 431

2021-08-19T09:41:33+00:00 CRITICAL syntax error, unexpected end of file in D:\wamp64\www\test\wp-content\themes\punte\functions.php on line 456

2021-08-19T09:41:36+00:00 CRITICAL syntax error, unexpected end of file in D:\wamp64\www\test\wp-content\themes\punte\functions.php on line 456

2021-08-19T10:12:28+00:00 CRITICAL syntax error, unexpected '.3' (T_DNUMBER), expecting ')' in D:\wamp64\www\test\wp-content\themes\punte\functions.php on line 247

2021-08-19T10:12:30+00:00 CRITICAL syntax error, unexpected '.3' (T_DNUMBER), expecting ')' in D:\wamp64\www\test\wp-content\themes\punte\functions.php on line 247

2021-08-19T10:12:32+00:00 CRITICAL syntax error, unexpected '.3' (T_DNUMBER), expecting ')' in D:\wamp64\www\test\wp-content\themes\punte\functions.php on line 247

2021-08-19T10:12:32+00:00 CRITICAL syntax error, unexpected '.3' (T_DNUMBER), expecting ')' in D:\wamp64\www\test\wp-content\themes\punte\functions.php on line 247

2021-08-19T10:12:33+00:00 CRITICAL syntax error, unexpected '.3' (T_DNUMBER), expecting ')' in D:\wamp64\www\test\wp-content\themes\punte\functions.php on line 247

2021-08-19T10:12:33+00:00 CRITICAL syntax error, unexpected '.3' (T_DNUMBER), expecting ')' in D:\wamp64\www\test\wp-content\themes\punte\functions.php on line 247

2021-08-19T10:12:35+00:00 CRITICAL syntax error, unexpected '.3' (T_DNUMBER), expecting ')' in D:\wamp64\www\test\wp-content\themes\punte\functions.php on line 247

2021-08-19T10:12:36+00:00 CRITICAL syntax error, unexpected '.3' (T_DNUMBER), expecting ')' in D:\wamp64\www\test\wp-content\themes\punte\functions.php on line 247

2021-08-19T10:12:39+00:00 CRITICAL syntax error, unexpected '.3' (T_DNUMBER), expecting ')' in D:\wamp64\www\test\wp-content\themes\punte\functions.php on line 247

2021-08-19T10:12:39+00:00 CRITICAL syntax error, unexpected '.3' (T_DNUMBER), expecting ')' in D:\wamp64\www\test\wp-content\themes\punte\functions.php on line 247

2021-08-19T10:12:41+00:00 CRITICAL syntax error, unexpected '.3' (T_DNUMBER), expecting ')' in D:\wamp64\www\test\wp-content\themes\punte\functions.php on line 247

2021-08-19T10:12:43+00:00 CRITICAL syntax error, unexpected '.3' (T_DNUMBER), expecting ')' in D:\wamp64\www\test\wp-content\themes\punte\functions.php on line 247

2021-08-19T10:12:59+00:00 CRITICAL syntax error, unexpected '.3' (T_DNUMBER), expecting ')' in D:\wamp64\www\test\wp-content\themes\punte\functions.php on line 247

2021-08-19T10:12:59+00:00 CRITICAL syntax error, unexpected '.3' (T_DNUMBER), expecting ')' in D:\wamp64\www\test\wp-content\themes\punte\functions.php on line 247

2021-08-19T10:12:59+00:00 CRITICAL syntax error, unexpected '.3' (T_DNUMBER), expecting ')' in D:\wamp64\www\test\wp-content\themes\punte\functions.php on line 247

2021-08-19T10:13:05+00:00 CRITICAL syntax error, unexpected '.3' (T_DNUMBER), expecting ')' in D:\wamp64\www\test\wp-content\themes\punte\functions.php on line 247

2021-08-19T10:58:05+00:00 CRITICAL Uncaught Error: Call to undefined function is_post() in D:\wamp64\www\test\wp-content\themes\punte\functions.php:458
Stack trace:
#0 D:\wamp64\www\test\wp-settings.php(546): include()
#1 D:\wamp64\www\test\wp-config.php(97): require_once('D:\\wamp64\\www\\t...')
#2 D:\wamp64\www\test\wp-load.php(50): require_once('D:\\wamp64\\www\\t...')
#3 D:\wamp64\www\test\wp-admin\admin-ajax.php(22): require_once('D:\\wamp64\\www\\t...')
#4 {main}
  thrown in D:\wamp64\www\test\wp-content\themes\punte\functions.php on line 458

2021-08-19T10:58:05+00:00 CRITICAL Uncaught Error: Call to undefined function is_post() in D:\wamp64\www\test\wp-content\themes\punte\functions.php:458
Stack trace:
#0 D:\wamp64\www\test\wp-settings.php(546): include()
#1 D:\wamp64\www\test\wp-config.php(97): require_once('D:\\wamp64\\www\\t...')
#2 D:\wamp64\www\test\wp-load.php(50): require_once('D:\\wamp64\\www\\t...')
#3 D:\wamp64\www\test\wp-admin\admin-ajax.php(22): require_once('D:\\wamp64\\www\\t...')
#4 {main}
  thrown in D:\wamp64\www\test\wp-content\themes\punte\functions.php on line 458

2021-08-19T10:58:05+00:00 CRITICAL Uncaught Error: Call to undefined function is_post() in D:\wamp64\www\test\wp-content\themes\punte\functions.php:458
Stack trace:
#0 D:\wamp64\www\test\wp-settings.php(546): include()
#1 D:\wamp64\www\test\wp-config.php(97): require_once('D:\\wamp64\\www\\t...')
#2 D:\wamp64\www\test\wp-load.php(50): require_once('D:\\wamp64\\www\\t...')
#3 D:\wamp64\www\test\wp-blog-header.php(13): require_once('D:\\wamp64\\www\\t...')
#4 D:\wamp64\www\test\index.php(17): require('D:\\wamp64\\www\\t...')
#5 {main}
  thrown in D:\wamp64\www\test\wp-content\themes\punte\functions.php on line 458

2021-08-19T13:05:12+00:00 CRITICAL Uncaught ArgumentCountError: Too few arguments to function wc_maybe_store_user_agent(), 1 passed in D:\wamp64\www\test\wp-includes\class-wp-hook.php on line 303 and exactly 2 expected in D:\wamp64\www\test\wp-content\plugins\woocommerce\includes\wc-user-functions.php:856
Stack trace:
#0 D:\wamp64\www\test\wp-includes\class-wp-hook.php(303): wc_maybe_store_user_agent(NULL)
#1 D:\wamp64\www\test\wp-includes\class-wp-hook.php(327): WP_Hook->apply_filters('', Array)
#2 D:\wamp64\www\test\wp-includes\plugin.php(470): WP_Hook->do_action(Array)
#3 D:\wamp64\www\test\wp-content\themes\punte\functions.php(428): do_action('wp_login', NULL)
#4 D:\wamp64\www\test\wp-settings.php(546): include('D:\\wamp64\\www\\t...')
#5 D:\wamp64\www\test\wp-config.php(97): require_once('D:\\wamp64\\www\\t...')
#6 D:\wamp64\www\test\wp-load.php(50): require_once('D:\\wamp64\\www\\t...')
#7 D:\wamp64\www\test\wp-blog-header.php(13): require_once('D:\\wamp64\\www\\t...')
#8 D:\wamp64\www\test\index.php(17): require('D:\\wamp64\\www\\t...') in D:\wamp64\www\test\wp-content\plugins\woocommerce\includes\wc-user-functions.php on line 856

2021-08-19T13:11:04+00:00 CRITICAL Uncaught ArgumentCountError: Too few arguments to function wc_maybe_store_user_agent(), 1 passed in D:\wamp64\www\test\wp-includes\class-wp-hook.php on line 303 and exactly 2 expected in D:\wamp64\www\test\wp-content\plugins\woocommerce\includes\wc-user-functions.php:856
Stack trace:
#0 D:\wamp64\www\test\wp-includes\class-wp-hook.php(303): wc_maybe_store_user_agent('shoprightadmin1')
#1 D:\wamp64\www\test\wp-includes\class-wp-hook.php(327): WP_Hook->apply_filters('', Array)
#2 D:\wamp64\www\test\wp-includes\plugin.php(470): WP_Hook->do_action(Array)
#3 D:\wamp64\www\test\wp-content\themes\punte\functions.php(428): do_action('wp_login', 'shoprightadmin1')
#4 D:\wamp64\www\test\wp-settings.php(546): include('D:\\wamp64\\www\\t...')
#5 D:\wamp64\www\test\wp-config.php(97): require_once('D:\\wamp64\\www\\t...')
#6 D:\wamp64\www\test\wp-load.php(50): require_once('D:\\wamp64\\www\\t...')
#7 D:\wamp64\www\test\wp-blog-header.php(13): require_once('D:\\wamp64\\www\\t...')
#8 D:\wamp64\www\test\index.php(17): requir in D:\wamp64\www\test\wp-content\plugins\woocommerce\includes\wc-user-functions.php on line 856

2021-08-19T13:16:28+00:00 CRITICAL Uncaught ArgumentCountError: Too few arguments to function wc_maybe_store_user_agent(), 1 passed in D:\wamp64\www\test\wp-includes\class-wp-hook.php on line 303 and exactly 2 expected in D:\wamp64\www\test\wp-content\plugins\woocommerce\includes\wc-user-functions.php:856
Stack trace:
#0 D:\wamp64\www\test\wp-includes\class-wp-hook.php(303): wc_maybe_store_user_agent('netsales')
#1 D:\wamp64\www\test\wp-includes\class-wp-hook.php(327): WP_Hook->apply_filters('', Array)
#2 D:\wamp64\www\test\wp-includes\plugin.php(470): WP_Hook->do_action(Array)
#3 D:\wamp64\www\test\wp-content\themes\punte\functions.php(428): do_action('wp_login', 'netsales')
#4 D:\wamp64\www\test\wp-settings.php(546): include('D:\\wamp64\\www\\t...')
#5 D:\wamp64\www\test\wp-config.php(97): require_once('D:\\wamp64\\www\\t...')
#6 D:\wamp64\www\test\wp-load.php(50): require_once('D:\\wamp64\\www\\t...')
#7 D:\wamp64\www\test\wp-blog-header.php(13): require_once('D:\\wamp64\\www\\t...')
#8 D:\wamp64\www\test\index.php(17): require('D:\\wamp64\ in D:\wamp64\www\test\wp-content\plugins\woocommerce\includes\wc-user-functions.php on line 856

